#! /opt/homebrew/Cellar/icarus-verilog/12.0/bin/vvp
:ivl_version "12.0 (stable)";
:ivl_delay_selection "TYPICAL";
:vpi_time_precision - 12;
:vpi_module "/opt/homebrew/Cellar/icarus-verilog/12.0/lib/ivl/system.vpi";
:vpi_module "/opt/homebrew/Cellar/icarus-verilog/12.0/lib/ivl/vhdl_sys.vpi";
:vpi_module "/opt/homebrew/Cellar/icarus-verilog/12.0/lib/ivl/vhdl_textio.vpi";
:vpi_module "/opt/homebrew/Cellar/icarus-verilog/12.0/lib/ivl/v2005_math.vpi";
:vpi_module "/opt/homebrew/Cellar/icarus-verilog/12.0/lib/ivl/va_math.vpi";
S_0x15b612a90 .scope module, "tb_vending_mealy" "tb_vending_mealy" 2 4;
 .timescale -9 -12;
v0x15b626990_0 .net "chg5", 0 0, L_0x15b626db0;  1 drivers
v0x15b626a20_0 .var "clk", 0 0;
v0x15b626ab0_0 .var "coin", 1 0;
v0x15b626b80_0 .net "dispense", 0 0, L_0x15b626d00;  1 drivers
v0x15b626c30_0 .var "rst", 0 0;
S_0x15b612de0 .scope module, "dut" "vending_mealy" 2 12, 3 1 0, S_0x15b612a90;
 .timescale 0 0;
    .port_info 0 /INPUT 1 "clk";
    .port_info 1 /INPUT 1 "rst";
    .port_info 2 /INPUT 2 "coin";
    .port_info 3 /OUTPUT 1 "dispense";
    .port_info 4 /OUTPUT 1 "chg5";
P_0x15b6075d0 .param/l "init" 0 3 11, C4<00>;
P_0x15b607610 .param/l "s10" 0 3 13, C4<10>;
P_0x15b607650 .param/l "s15" 0 3 14, C4<11>;
P_0x15b607690 .param/l "s5" 0 3 12, C4<01>;
L_0x15b626d00 .functor BUFZ 1, v0x15b626610_0, C4<0>, C4<0>, C4<0>;
L_0x15b626db0 .functor BUFZ 1, v0x15b626330_0, C4<0>, C4<0>, C4<0>;
v0x15b6076d0_0 .net "chg5", 0 0, L_0x15b626db0;  alias, 1 drivers
v0x15b626330_0 .var "chg5_reg", 0 0;
v0x15b6263d0_0 .net "clk", 0 0, v0x15b626a20_0;  1 drivers
v0x15b626480_0 .net "coin", 1 0, v0x15b626ab0_0;  1 drivers
v0x15b626530_0 .net "dispense", 0 0, L_0x15b626d00;  alias, 1 drivers
v0x15b626610_0 .var "dispense_reg", 0 0;
v0x15b6266b0_0 .net "rst", 0 0, v0x15b626c30_0;  1 drivers
v0x15b626750_0 .var "state_next", 1 0;
v0x15b626800_0 .var "state_present", 1 0;
E_0x15b607fc0 .event anyedge, v0x15b626800_0, v0x15b626480_0;
E_0x15b608e30 .event posedge, v0x15b6263d0_0;
    .scope S_0x15b612de0;
T_0 ;
    %wait E_0x15b608e30;
    %load/vec4 v0x15b6266b0_0;
    %flag_set/vec4 8;
    %jmp/0xz  T_0.0, 8;
    %pushi/vec4 0, 0, 2;
    %assign/vec4 v0x15b626800_0, 0;
    %jmp T_0.1;
T_0.0 ;
    %load/vec4 v0x15b626750_0;
    %assign/vec4 v0x15b626800_0, 0;
T_0.1 ;
    %jmp T_0;
    .thread T_0;
    .scope S_0x15b612de0;
T_1 ;
    %wait E_0x15b607fc0;
    %load/vec4 v0x15b626800_0;
    %store/vec4 v0x15b626750_0, 0, 2;
    %pushi/vec4 0, 0, 1;
    %store/vec4 v0x15b626610_0, 0, 1;
    %pushi/vec4 0, 0, 1;
    %store/vec4 v0x15b626330_0, 0, 1;
    %load/vec4 v0x15b626800_0;
    %dup/vec4;
    %pushi/vec4 0, 0, 2;
    %cmp/u;
    %jmp/1 T_1.0, 6;
    %dup/vec4;
    %pushi/vec4 1, 0, 2;
    %cmp/u;
    %jmp/1 T_1.1, 6;
    %dup/vec4;
    %pushi/vec4 2, 0, 2;
    %cmp/u;
    %jmp/1 T_1.2, 6;
    %dup/vec4;
    %pushi/vec4 3, 0, 2;
    %cmp/u;
    %jmp/1 T_1.3, 6;
    %pushi/vec4 0, 0, 2;
    %store/vec4 v0x15b626750_0, 0, 2;
    %jmp T_1.5;
T_1.0 ;
    %load/vec4 v0x15b626480_0;
    %cmpi/e 1, 0, 2;
    %jmp/0xz  T_1.6, 4;
    %pushi/vec4 1, 0, 2;
    %store/vec4 v0x15b626750_0, 0, 2;
    %jmp T_1.7;
T_1.6 ;
    %load/vec4 v0x15b626480_0;
    %cmpi/e 2, 0, 2;
    %jmp/0xz  T_1.8, 4;
    %pushi/vec4 2, 0, 2;
    %store/vec4 v0x15b626750_0, 0, 2;
T_1.8 ;
T_1.7 ;
    %jmp T_1.5;
T_1.1 ;
    %load/vec4 v0x15b626480_0;
    %cmpi/e 1, 0, 2;
    %jmp/0xz  T_1.10, 4;
    %pushi/vec4 2, 0, 2;
    %store/vec4 v0x15b626750_0, 0, 2;
    %jmp T_1.11;
T_1.10 ;
    %load/vec4 v0x15b626480_0;
    %cmpi/e 2, 0, 2;
    %jmp/0xz  T_1.12, 4;
    %pushi/vec4 3, 0, 2;
    %store/vec4 v0x15b626750_0, 0, 2;
T_1.12 ;
T_1.11 ;
    %jmp T_1.5;
T_1.2 ;
    %load/vec4 v0x15b626480_0;
    %cmpi/e 1, 0, 2;
    %jmp/0xz  T_1.14, 4;
    %pushi/vec4 3, 0, 2;
    %store/vec4 v0x15b626750_0, 0, 2;
    %jmp T_1.15;
T_1.14 ;
    %load/vec4 v0x15b626480_0;
    %cmpi/e 2, 0, 2;
    %jmp/0xz  T_1.16, 4;
    %pushi/vec4 0, 0, 2;
    %store/vec4 v0x15b626750_0, 0, 2;
    %pushi/vec4 1, 0, 1;
    %store/vec4 v0x15b626610_0, 0, 1;
T_1.16 ;
T_1.15 ;
    %jmp T_1.5;
T_1.3 ;
    %load/vec4 v0x15b626480_0;
    %cmpi/e 1, 0, 2;
    %jmp/0xz  T_1.18, 4;
    %pushi/vec4 0, 0, 2;
    %store/vec4 v0x15b626750_0, 0, 2;
    %pushi/vec4 1, 0, 1;
    %store/vec4 v0x15b626610_0, 0, 1;
    %jmp T_1.19;
T_1.18 ;
    %load/vec4 v0x15b626480_0;
    %cmpi/e 2, 0, 2;
    %jmp/0xz  T_1.20, 4;
    %pushi/vec4 0, 0, 2;
    %store/vec4 v0x15b626750_0, 0, 2;
    %pushi/vec4 1, 0, 1;
    %store/vec4 v0x15b626610_0, 0, 1;
    %pushi/vec4 1, 0, 1;
    %store/vec4 v0x15b626330_0, 0, 1;
T_1.20 ;
T_1.19 ;
    %jmp T_1.5;
T_1.5 ;
    %pop/vec4 1;
    %jmp T_1;
    .thread T_1, $push;
    .scope S_0x15b612a90;
T_2 ;
    %delay 5000, 0;
    %load/vec4 v0x15b626a20_0;
    %inv;
    %store/vec4 v0x15b626a20_0, 0, 1;
    %jmp T_2;
    .thread T_2;
    .scope S_0x15b612a90;
T_3 ;
    %vpi_call 2 24 "$dumpfile", "dump.vcd" {0 0 0};
    %vpi_call 2 25 "$dumpvars", 32'sb00000000000000000000000000000000, S_0x15b612a90 {0 0 0};
    %pushi/vec4 0, 0, 1;
    %store/vec4 v0x15b626a20_0, 0, 1;
    %pushi/vec4 1, 0, 1;
    %store/vec4 v0x15b626c30_0, 0, 1;
    %pushi/vec4 0, 0, 2;
    %store/vec4 v0x15b626ab0_0, 0, 2;
    %delay 10000, 0;
    %pushi/vec4 0, 0, 1;
    %store/vec4 v0x15b626c30_0, 0, 1;
    %delay 10000, 0;
    %pushi/vec4 1, 0, 2;
    %store/vec4 v0x15b626ab0_0, 0, 2;
    %delay 10000, 0;
    %pushi/vec4 1, 0, 2;
    %store/vec4 v0x15b626ab0_0, 0, 2;
    %delay 10000, 0;
    %pushi/vec4 2, 0, 2;
    %store/vec4 v0x15b626ab0_0, 0, 2;
    %delay 10000, 0;
    %pushi/vec4 0, 0, 2;
    %store/vec4 v0x15b626ab0_0, 0, 2;
    %delay 10000, 0;
    %pushi/vec4 2, 0, 2;
    %store/vec4 v0x15b626ab0_0, 0, 2;
    %delay 10000, 0;
    %pushi/vec4 2, 0, 2;
    %store/vec4 v0x15b626ab0_0, 0, 2;
    %delay 10000, 0;
    %pushi/vec4 0, 0, 2;
    %store/vec4 v0x15b626ab0_0, 0, 2;
    %delay 10000, 0;
    %pushi/vec4 2, 0, 2;
    %store/vec4 v0x15b626ab0_0, 0, 2;
    %delay 10000, 0;
    %pushi/vec4 1, 0, 2;
    %store/vec4 v0x15b626ab0_0, 0, 2;
    %delay 10000, 0;
    %pushi/vec4 2, 0, 2;
    %store/vec4 v0x15b626ab0_0, 0, 2;
    %delay 10000, 0;
    %pushi/vec4 0, 0, 2;
    %store/vec4 v0x15b626ab0_0, 0, 2;
    %delay 50000, 0;
    %vpi_call 2 53 "$finish" {0 0 0};
    %end;
    .thread T_3;
# The file index is used to find the file name in the following table.
:file_names 4;
    "N/A";
    "<interactive>";
    "tb_vending_mealy.v";
    "./vending_mealy.v";
