#! /opt/homebrew/Cellar/icarus-verilog/12.0/bin/vvp
:ivl_version "12.0 (stable)";
:ivl_delay_selection "TYPICAL";
:vpi_time_precision - 9;
:vpi_module "/opt/homebrew/Cellar/icarus-verilog/12.0/lib/ivl/system.vpi";
:vpi_module "/opt/homebrew/Cellar/icarus-verilog/12.0/lib/ivl/vhdl_sys.vpi";
:vpi_module "/opt/homebrew/Cellar/icarus-verilog/12.0/lib/ivl/vhdl_textio.vpi";
:vpi_module "/opt/homebrew/Cellar/icarus-verilog/12.0/lib/ivl/v2005_math.vpi";
:vpi_module "/opt/homebrew/Cellar/icarus-verilog/12.0/lib/ivl/va_math.vpi";
S_0x12b60b5d0 .scope module, "tb_seq_detect_mealy" "tb_seq_detect_mealy" 2 4;
 .timescale -9 -9;
v0x12b625130_0 .var "bitstream", 10 0;
v0x12b6251c0_0 .var "clk", 0 0;
v0x12b625250_0 .var "din", 0 0;
v0x12b625320_0 .var/i "i", 31 0;
v0x12b6253b0_0 .var "rst", 0 0;
v0x12b625480_0 .net "y", 0 0, L_0x12b625780;  1 drivers
S_0x12b60b740 .scope module, "dut" "seq_detect_mealy" 2 8, 3 1 0, S_0x12b60b5d0;
 .timescale 0 0;
    .port_info 0 /INPUT 1 "clk";
    .port_info 1 /INPUT 1 "rst";
    .port_info 2 /INPUT 1 "din";
    .port_info 3 /OUTPUT 1 "y";
P_0x12b6075d0 .param/l "init" 0 3 9, C4<00>;
P_0x12b607610 .param/l "s1" 0 3 10, C4<01>;
P_0x12b607650 .param/l "s2" 0 3 11, C4<10>;
P_0x12b607690 .param/l "s3" 0 3 12, C4<11>;
L_0x130078058 .functor BUFT 1, C4<1>, C4<0>, C4<0>, C4<0>;
L_0x12b625650 .functor XNOR 1, v0x12b625250_0, L_0x130078058, C4<0>, C4<0>;
L_0x12b625780 .functor AND 1, L_0x12b625530, L_0x12b625650, C4<1>, C4<1>;
L_0x130078010 .functor BUFT 1, C4<11>, C4<0>, C4<0>, C4<0>;
v0x12b614a80_0 .net/2u *"_ivl_0", 1 0, L_0x130078010;  1 drivers
v0x12b624a50_0 .net *"_ivl_2", 0 0, L_0x12b625530;  1 drivers
v0x12b624af0_0 .net/2u *"_ivl_4", 0 0, L_0x130078058;  1 drivers
v0x12b624bb0_0 .net *"_ivl_6", 0 0, L_0x12b625650;  1 drivers
v0x12b624c50_0 .net "clk", 0 0, v0x12b6251c0_0;  1 drivers
v0x12b624d30_0 .net "din", 0 0, v0x12b625250_0;  1 drivers
v0x12b624dd0_0 .net "rst", 0 0, v0x12b6253b0_0;  1 drivers
v0x12b624e70_0 .var "state_next", 1 0;
v0x12b624f20_0 .var "state_present", 1 0;
v0x12b625030_0 .net "y", 0 0, L_0x12b625780;  alias, 1 drivers
E_0x12b6083a0 .event anyedge, v0x12b624f20_0, v0x12b624d30_0;
E_0x12b6084c0 .event posedge, v0x12b624c50_0;
L_0x12b625530 .cmp/eq 2, v0x12b624f20_0, L_0x130078010;
    .scope S_0x12b60b740;
T_0 ;
    %wait E_0x12b6084c0;
    %load/vec4 v0x12b624dd0_0;
    %flag_set/vec4 8;
    %jmp/0xz  T_0.0, 8;
    %pushi/vec4 0, 0, 2;
    %assign/vec4 v0x12b624f20_0, 0;
    %jmp T_0.1;
T_0.0 ;
    %load/vec4 v0x12b624e70_0;
    %assign/vec4 v0x12b624f20_0, 0;
T_0.1 ;
    %jmp T_0;
    .thread T_0;
    .scope S_0x12b60b740;
T_1 ;
    %wait E_0x12b6083a0;
    %load/vec4 v0x12b624f20_0;
    %dup/vec4;
    %pushi/vec4 0, 0, 2;
    %cmp/u;
    %jmp/1 T_1.0, 6;
    %dup/vec4;
    %pushi/vec4 1, 0, 2;
    %cmp/u;
    %jmp/1 T_1.1, 6;
    %dup/vec4;
    %pushi/vec4 2, 0, 2;
    %cmp/u;
    %jmp/1 T_1.2, 6;
    %dup/vec4;
    %pushi/vec4 3, 0, 2;
    %cmp/u;
    %jmp/1 T_1.3, 6;
    %pushi/vec4 0, 0, 2;
    %store/vec4 v0x12b624e70_0, 0, 2;
    %jmp T_1.5;
T_1.0 ;
    %load/vec4 v0x12b624d30_0;
    %flag_set/vec4 8;
    %jmp/0xz  T_1.6, 8;
    %pushi/vec4 1, 0, 2;
    %store/vec4 v0x12b624e70_0, 0, 2;
    %jmp T_1.7;
T_1.6 ;
    %pushi/vec4 0, 0, 2;
    %store/vec4 v0x12b624e70_0, 0, 2;
T_1.7 ;
    %jmp T_1.5;
T_1.1 ;
    %load/vec4 v0x12b624d30_0;
    %flag_set/vec4 8;
    %jmp/0xz  T_1.8, 8;
    %pushi/vec4 2, 0, 2;
    %store/vec4 v0x12b624e70_0, 0, 2;
    %jmp T_1.9;
T_1.8 ;
    %pushi/vec4 0, 0, 2;
    %store/vec4 v0x12b624e70_0, 0, 2;
T_1.9 ;
    %jmp T_1.5;
T_1.2 ;
    %load/vec4 v0x12b624d30_0;
    %flag_set/vec4 8;
    %jmp/0xz  T_1.10, 8;
    %pushi/vec4 2, 0, 2;
    %store/vec4 v0x12b624e70_0, 0, 2;
    %jmp T_1.11;
T_1.10 ;
    %pushi/vec4 3, 0, 2;
    %store/vec4 v0x12b624e70_0, 0, 2;
T_1.11 ;
    %jmp T_1.5;
T_1.3 ;
    %load/vec4 v0x12b624d30_0;
    %flag_set/vec4 8;
    %jmp/0xz  T_1.12, 8;
    %pushi/vec4 1, 0, 2;
    %store/vec4 v0x12b624e70_0, 0, 2;
    %jmp T_1.13;
T_1.12 ;
    %pushi/vec4 0, 0, 2;
    %store/vec4 v0x12b624e70_0, 0, 2;
T_1.13 ;
    %jmp T_1.5;
T_1.5 ;
    %pop/vec4 1;
    %jmp T_1;
    .thread T_1, $push;
    .scope S_0x12b60b5d0;
T_2 ;
    %pushi/vec4 1757, 0, 11;
    %store/vec4 v0x12b625130_0, 0, 11;
    %end;
    .thread T_2;
    .scope S_0x12b60b5d0;
T_3 ;
    %pushi/vec4 0, 0, 1;
    %store/vec4 v0x12b6251c0_0, 0, 1;
    %end;
    .thread T_3;
    .scope S_0x12b60b5d0;
T_4 ;
    %delay 5, 0;
    %load/vec4 v0x12b6251c0_0;
    %inv;
    %store/vec4 v0x12b6251c0_0, 0, 1;
    %jmp T_4;
    .thread T_4;
    .scope S_0x12b60b5d0;
T_5 ;
    %vpi_call 2 22 "$dumpfile", "dump.vcd" {0 0 0};
    %vpi_call 2 23 "$dumpvars", 32'sb00000000000000000000000000000000, S_0x12b60b5d0 {0 0 0};
    %vpi_call 2 25 "$display", "time=%0t | din=%b | y=%b", $time, v0x12b625250_0, v0x12b625480_0 {0 0 0};
    %vpi_call 2 26 "$monitor", "time=%0t | din=%b | y=%b", $time, v0x12b625250_0, v0x12b625480_0 {0 0 0};
    %pushi/vec4 1, 0, 1;
    %store/vec4 v0x12b6253b0_0, 0, 1;
    %pushi/vec4 0, 0, 1;
    %store/vec4 v0x12b625250_0, 0, 1;
    %delay 10, 0;
    %pushi/vec4 0, 0, 1;
    %store/vec4 v0x12b6253b0_0, 0, 1;
    %pushi/vec4 10, 0, 32;
    %store/vec4 v0x12b625320_0, 0, 32;
T_5.0 ;
    %load/vec4 v0x12b625320_0;
    %cmpi/s 0, 0, 32;
    %flag_inv 5; GE is !LT
    %jmp/0xz T_5.1, 5;
    %load/vec4 v0x12b625130_0;
    %load/vec4 v0x12b625320_0;
    %part/s 1;
    %store/vec4 v0x12b625250_0, 0, 1;
    %wait E_0x12b6084c0;
    %load/vec4 v0x12b625320_0;
    %subi 1, 0, 32;
    %store/vec4 v0x12b625320_0, 0, 32;
    %jmp T_5.0;
T_5.1 ;
    %delay 20, 0;
    %vpi_call 2 39 "$finish" {0 0 0};
    %end;
    .thread T_5;
# The file index is used to find the file name in the following table.
:file_names 4;
    "N/A";
    "<interactive>";
    "tb_seq_detect_mealy.v";
    "./seq_detect_mealy.v";
