#! /opt/homebrew/Cellar/icarus-verilog/12.0/bin/vvp
:ivl_version "12.0 (stable)";
:ivl_delay_selection "TYPICAL";
:vpi_time_precision - 12;
:vpi_module "/opt/homebrew/Cellar/icarus-verilog/12.0/lib/ivl/system.vpi";
:vpi_module "/opt/homebrew/Cellar/icarus-verilog/12.0/lib/ivl/vhdl_sys.vpi";
:vpi_module "/opt/homebrew/Cellar/icarus-verilog/12.0/lib/ivl/vhdl_textio.vpi";
:vpi_module "/opt/homebrew/Cellar/icarus-verilog/12.0/lib/ivl/v2005_math.vpi";
:vpi_module "/opt/homebrew/Cellar/icarus-verilog/12.0/lib/ivl/va_math.vpi";
S_0x142f052c0 .scope module, "tb_traffic_light" "tb_traffic_light" 2 59;
 .timescale -9 -12;
v0x142f16590_0 .var "clk", 0 0;
v0x142f16620_0 .var/i "cyc", 31 0;
v0x142f166b0_0 .net "ew_g", 0 0, v0x142f15c40_0;  1 drivers
v0x142f16740_0 .net "ew_r", 0 0, v0x142f15ce0_0;  1 drivers
v0x142f167f0_0 .net "ew_y", 0 0, v0x142f15d90_0;  1 drivers
v0x142f168c0_0 .net "ns_g", 0 0, v0x142f15e30_0;  1 drivers
v0x142f16970_0 .net "ns_r", 0 0, v0x142f15f10_0;  1 drivers
v0x142f16a20_0 .net "ns_y", 0 0, v0x142f15fb0_0;  1 drivers
v0x142f16ad0_0 .var "rst", 0 0;
v0x142f16c00_0 .var "tick", 0 0;
E_0x142f05190 .event negedge, v0x142f05b90_0;
S_0x142f05430 .scope module, "dut" "traffic_light" 2 64, 3 46 0, S_0x142f052c0;
 .timescale 0 0;
    .port_info 0 /INPUT 1 "clk";
    .port_info 1 /INPUT 1 "rst";
    .port_info 2 /INPUT 1 "tick";
    .port_info 3 /OUTPUT 1 "ns_g";
    .port_info 4 /OUTPUT 1 "ns_y";
    .port_info 5 /OUTPUT 1 "ns_r";
    .port_info 6 /OUTPUT 1 "ew_g";
    .port_info 7 /OUTPUT 1 "ew_y";
    .port_info 8 /OUTPUT 1 "ew_r";
P_0x142f05600 .param/l "EW_G" 0 3 56, C4<10>;
P_0x142f05640 .param/l "EW_Y" 0 3 57, C4<11>;
P_0x142f05680 .param/l "NS_G" 0 3 54, C4<00>;
P_0x142f056c0 .param/l "NS_Y" 0 3 55, C4<01>;
P_0x142f05700 .param/l "time_green" 0 3 60, C4<101>;
P_0x142f05740 .param/l "time_yellow" 0 3 61, C4<010>;
v0x142f05b90_0 .net "clk", 0 0, v0x142f16590_0;  1 drivers
v0x142f15c40_0 .var "ew_g", 0 0;
v0x142f15ce0_0 .var "ew_r", 0 0;
v0x142f15d90_0 .var "ew_y", 0 0;
v0x142f15e30_0 .var "ns_g", 0 0;
v0x142f15f10_0 .var "ns_r", 0 0;
v0x142f15fb0_0 .var "ns_y", 0 0;
v0x142f16050_0 .net "rst", 0 0, v0x142f16ad0_0;  1 drivers
v0x142f160f0_0 .var "state_next", 1 0;
v0x142f16200_0 .var "state_present", 1 0;
v0x142f162b0_0 .net "tick", 0 0, v0x142f16c00_0;  1 drivers
v0x142f16350_0 .var "tick_count", 2 0;
v0x142f16400_0 .var "tick_count_next", 2 0;
E_0x142f05a80 .event anyedge, v0x142f16200_0;
E_0x142f05ad0 .event anyedge, v0x142f16200_0, v0x142f16350_0, v0x142f162b0_0;
E_0x142f05b30 .event posedge, v0x142f05b90_0;
    .scope S_0x142f05430;
T_0 ;
    %wait E_0x142f05b30;
    %load/vec4 v0x142f16050_0;
    %flag_set/vec4 8;
    %jmp/0xz  T_0.0, 8;
    %pushi/vec4 0, 0, 2;
    %assign/vec4 v0x142f16200_0, 0;
    %pushi/vec4 0, 0, 3;
    %assign/vec4 v0x142f16350_0, 0;
    %jmp T_0.1;
T_0.0 ;
    %load/vec4 v0x142f160f0_0;
    %assign/vec4 v0x142f16200_0, 0;
    %load/vec4 v0x142f16400_0;
    %assign/vec4 v0x142f16350_0, 0;
T_0.1 ;
    %jmp T_0;
    .thread T_0;
    .scope S_0x142f05430;
T_1 ;
    %wait E_0x142f05ad0;
    %load/vec4 v0x142f16200_0;
    %store/vec4 v0x142f160f0_0, 0, 2;
    %load/vec4 v0x142f16350_0;
    %store/vec4 v0x142f16400_0, 0, 3;
    %load/vec4 v0x142f16200_0;
    %dup/vec4;
    %pushi/vec4 0, 0, 2;
    %cmp/u;
    %jmp/1 T_1.0, 6;
    %dup/vec4;
    %pushi/vec4 1, 0, 2;
    %cmp/u;
    %jmp/1 T_1.1, 6;
    %dup/vec4;
    %pushi/vec4 2, 0, 2;
    %cmp/u;
    %jmp/1 T_1.2, 6;
    %dup/vec4;
    %pushi/vec4 3, 0, 2;
    %cmp/u;
    %jmp/1 T_1.3, 6;
    %pushi/vec4 0, 0, 2;
    %store/vec4 v0x142f160f0_0, 0, 2;
    %pushi/vec4 0, 0, 3;
    %store/vec4 v0x142f16400_0, 0, 3;
    %jmp T_1.5;
T_1.0 ;
    %load/vec4 v0x142f162b0_0;
    %flag_set/vec4 8;
    %jmp/0xz  T_1.6, 8;
    %load/vec4 v0x142f16350_0;
    %pad/u 32;
    %cmpi/e 4, 0, 32;
    %jmp/0xz  T_1.8, 4;
    %pushi/vec4 1, 0, 2;
    %store/vec4 v0x142f160f0_0, 0, 2;
    %pushi/vec4 0, 0, 3;
    %store/vec4 v0x142f16400_0, 0, 3;
    %jmp T_1.9;
T_1.8 ;
    %load/vec4 v0x142f16350_0;
    %addi 1, 0, 3;
    %store/vec4 v0x142f16400_0, 0, 3;
T_1.9 ;
T_1.6 ;
    %jmp T_1.5;
T_1.1 ;
    %load/vec4 v0x142f162b0_0;
    %flag_set/vec4 8;
    %jmp/0xz  T_1.10, 8;
    %load/vec4 v0x142f16350_0;
    %pad/u 32;
    %cmpi/e 1, 0, 32;
    %jmp/0xz  T_1.12, 4;
    %pushi/vec4 2, 0, 2;
    %store/vec4 v0x142f160f0_0, 0, 2;
    %pushi/vec4 0, 0, 3;
    %store/vec4 v0x142f16400_0, 0, 3;
    %jmp T_1.13;
T_1.12 ;
    %load/vec4 v0x142f16350_0;
    %addi 1, 0, 3;
    %store/vec4 v0x142f16400_0, 0, 3;
T_1.13 ;
T_1.10 ;
    %jmp T_1.5;
T_1.2 ;
    %load/vec4 v0x142f162b0_0;
    %flag_set/vec4 8;
    %jmp/0xz  T_1.14, 8;
    %load/vec4 v0x142f16350_0;
    %pad/u 32;
    %cmpi/e 4, 0, 32;
    %jmp/0xz  T_1.16, 4;
    %pushi/vec4 3, 0, 2;
    %store/vec4 v0x142f160f0_0, 0, 2;
    %pushi/vec4 0, 0, 3;
    %store/vec4 v0x142f16400_0, 0, 3;
    %jmp T_1.17;
T_1.16 ;
    %load/vec4 v0x142f16350_0;
    %addi 1, 0, 3;
    %store/vec4 v0x142f16400_0, 0, 3;
T_1.17 ;
T_1.14 ;
    %jmp T_1.5;
T_1.3 ;
    %load/vec4 v0x142f162b0_0;
    %flag_set/vec4 8;
    %jmp/0xz  T_1.18, 8;
    %load/vec4 v0x142f16350_0;
    %pad/u 32;
    %cmpi/e 1, 0, 32;
    %jmp/0xz  T_1.20, 4;
    %pushi/vec4 0, 0, 2;
    %store/vec4 v0x142f160f0_0, 0, 2;
    %pushi/vec4 0, 0, 3;
    %store/vec4 v0x142f16400_0, 0, 3;
    %jmp T_1.21;
T_1.20 ;
    %load/vec4 v0x142f16350_0;
    %addi 1, 0, 3;
    %store/vec4 v0x142f16400_0, 0, 3;
T_1.21 ;
T_1.18 ;
    %jmp T_1.5;
T_1.5 ;
    %pop/vec4 1;
    %jmp T_1;
    .thread T_1, $push;
    .scope S_0x142f05430;
T_2 ;
    %wait E_0x142f05a80;
    %pushi/vec4 0, 0, 1;
    %store/vec4 v0x142f15e30_0, 0, 1;
    %pushi/vec4 0, 0, 1;
    %store/vec4 v0x142f15fb0_0, 0, 1;
    %pushi/vec4 0, 0, 1;
    %store/vec4 v0x142f15f10_0, 0, 1;
    %pushi/vec4 0, 0, 1;
    %store/vec4 v0x142f15c40_0, 0, 1;
    %pushi/vec4 0, 0, 1;
    %store/vec4 v0x142f15d90_0, 0, 1;
    %pushi/vec4 0, 0, 1;
    %store/vec4 v0x142f15ce0_0, 0, 1;
    %load/vec4 v0x142f16200_0;
    %dup/vec4;
    %pushi/vec4 0, 0, 2;
    %cmp/u;
    %jmp/1 T_2.0, 6;
    %dup/vec4;
    %pushi/vec4 1, 0, 2;
    %cmp/u;
    %jmp/1 T_2.1, 6;
    %dup/vec4;
    %pushi/vec4 2, 0, 2;
    %cmp/u;
    %jmp/1 T_2.2, 6;
    %dup/vec4;
    %pushi/vec4 3, 0, 2;
    %cmp/u;
    %jmp/1 T_2.3, 6;
    %jmp T_2.4;
T_2.0 ;
    %pushi/vec4 1, 0, 1;
    %store/vec4 v0x142f15e30_0, 0, 1;
    %pushi/vec4 1, 0, 1;
    %store/vec4 v0x142f15ce0_0, 0, 1;
    %jmp T_2.4;
T_2.1 ;
    %pushi/vec4 1, 0, 1;
    %store/vec4 v0x142f15fb0_0, 0, 1;
    %pushi/vec4 1, 0, 1;
    %store/vec4 v0x142f15ce0_0, 0, 1;
    %jmp T_2.4;
T_2.2 ;
    %pushi/vec4 1, 0, 1;
    %store/vec4 v0x142f15c40_0, 0, 1;
    %pushi/vec4 1, 0, 1;
    %store/vec4 v0x142f15f10_0, 0, 1;
    %jmp T_2.4;
T_2.3 ;
    %pushi/vec4 1, 0, 1;
    %store/vec4 v0x142f15d90_0, 0, 1;
    %pushi/vec4 1, 0, 1;
    %store/vec4 v0x142f15f10_0, 0, 1;
    %jmp T_2.4;
T_2.4 ;
    %pop/vec4 1;
    %jmp T_2;
    .thread T_2, $push;
    .scope S_0x142f052c0;
T_3 ;
    %delay 5000, 0;
    %load/vec4 v0x142f16590_0;
    %inv;
    %store/vec4 v0x142f16590_0, 0, 1;
    %jmp T_3;
    .thread T_3;
    .scope S_0x142f052c0;
T_4 ;
    %wait E_0x142f05b30;
    %load/vec4 v0x142f16ad0_0;
    %flag_set/vec4 8;
    %jmp/0xz  T_4.0, 8;
    %pushi/vec4 0, 0, 32;
    %assign/vec4 v0x142f16620_0, 0;
    %pushi/vec4 0, 0, 1;
    %assign/vec4 v0x142f16c00_0, 0;
    %jmp T_4.1;
T_4.0 ;
    %load/vec4 v0x142f16620_0;
    %addi 1, 0, 32;
    %assign/vec4 v0x142f16620_0, 0;
    %load/vec4 v0x142f16620_0;
    %pushi/vec4 20, 0, 32;
    %mod/s;
    %pushi/vec4 0, 0, 32;
    %cmp/e;
    %flag_get/vec4 4;
    %assign/vec4 v0x142f16c00_0, 0;
T_4.1 ;
    %jmp T_4;
    .thread T_4;
    .scope S_0x142f052c0;
T_5 ;
    %pushi/vec4 0, 0, 1;
    %store/vec4 v0x142f16590_0, 0, 1;
    %pushi/vec4 1, 0, 1;
    %store/vec4 v0x142f16ad0_0, 0, 1;
    %pushi/vec4 0, 0, 1;
    %store/vec4 v0x142f16c00_0, 0, 1;
    %vpi_call 2 89 "$dumpfile", "dump.vcd" {0 0 0};
    %vpi_call 2 90 "$dumpvars", 32'sb00000000000000000000000000000000, S_0x142f052c0 {0 0 0};
    %pushi/vec4 5, 0, 32;
T_5.0 %dup/vec4;
    %pushi/vec4 0, 0, 32;
    %cmp/s;
    %jmp/1xz T_5.1, 5;
    %jmp/1 T_5.1, 4;
    %pushi/vec4 1, 0, 32;
    %sub;
    %wait E_0x142f05190;
    %jmp T_5.0;
T_5.1 ;
    %pop/vec4 1;
    %pushi/vec4 0, 0, 1;
    %store/vec4 v0x142f16ad0_0, 0, 1;
    %pushi/vec4 1500, 0, 32;
T_5.2 %dup/vec4;
    %pushi/vec4 0, 0, 32;
    %cmp/s;
    %jmp/1xz T_5.3, 5;
    %jmp/1 T_5.3, 4;
    %pushi/vec4 1, 0, 32;
    %sub;
    %wait E_0x142f05190;
    %jmp T_5.2;
T_5.3 ;
    %pop/vec4 1;
    %vpi_call 2 101 "$finish" {0 0 0};
    %end;
    .thread T_5;
    .scope S_0x142f052c0;
T_6 ;
    %wait E_0x142f05b30;
    %load/vec4 v0x142f16c00_0;
    %flag_set/vec4 9;
    %flag_get/vec4 9;
    %jmp/0 T_6.2, 9;
    %load/vec4 v0x142f16ad0_0;
    %nor/r;
    %and;
T_6.2;
    %flag_set/vec4 8;
    %jmp/0xz  T_6.0, 8;
    %vpi_call 2 106 "$display", "t=%0t ns  tick  NS[g,y,r]=%0d%0d%0d  EW[g,y,r]=%0d%0d%0d", $time, v0x142f168c0_0, v0x142f16a20_0, v0x142f16970_0, v0x142f166b0_0, v0x142f167f0_0, v0x142f16740_0 {0 0 0};
T_6.0 ;
    %jmp T_6;
    .thread T_6;
# The file index is used to find the file name in the following table.
:file_names 4;
    "N/A";
    "<interactive>";
    "tb_traffic_light.v";
    "traffic_light.v";
